[2022-06-27 02:02:56,809] INFO [GroupCoordinator 0]: Member[group.instance.id None, member.id consumer-Login-2-ba3c9afc-96ea-4ef7-b6df-44393f407811] in group Login has left, removing it from the group (kafka.coordinator.group.GroupCoordinator)
[2022-06-27 02:02:56,809] INFO [GroupCoordinator 0]: Preparing to rebalance group Login in state PreparingRebalance with old generation 1 (__consumer_offsets-45) (reason: removing member consumer-Login-2-ba3c9afc-96ea-4ef7-b6df-44393f407811 on LeaveGroup) (kafka.coordinator.group.GroupCoordinator)
[2022-06-27 02:02:56,809] INFO [GroupCoordinator 0]: Group Login with generation 2 is now empty (__consumer_offsets-45) (kafka.coordinator.group.GroupCoordinator)
[2022-06-27 02:03:29,327] INFO [GroupCoordinator 0]: Preparing to rebalance group Login in state PreparingRebalance with old generation 2 (__consumer_offsets-45) (reason: Adding new member consumer-Login-2-73b69166-0340-4b51-9142-1c7aaa3800d6 with group instance id None) (kafka.coordinator.group.GroupCoordinator)
[2022-06-27 02:03:29,328] INFO [GroupCoordinator 0]: Stabilized group Login generation 3 (__consumer_offsets-45) (kafka.coordinator.group.GroupCoordinator)
[2022-06-27 02:03:29,332] INFO [GroupCoordinator 0]: Assignment received from leader for group Login for generation 3 (kafka.coordinator.group.GroupCoordinator)
[2022-06-27 02:05:18,496] INFO [GroupCoordinator 0]: Member[group.instance.id None, member.id consumer-Login-2-73b69166-0340-4b51-9142-1c7aaa3800d6] in group Login has left, removing it from the group (kafka.coordinator.group.GroupCoordinator)
[2022-06-27 02:05:18,496] INFO [GroupCoordinator 0]: Preparing to rebalance group Login in state PreparingRebalance with old generation 3 (__consumer_offsets-45) (reason: removing member consumer-Login-2-73b69166-0340-4b51-9142-1c7aaa3800d6 on LeaveGroup) (kafka.coordinator.group.GroupCoordinator)
[2022-06-27 02:05:18,496] INFO [GroupCoordinator 0]: Group Login with generation 4 is now empty (__consumer_offsets-45) (kafka.coordinator.group.GroupCoordinator)
[2022-06-27 02:05:26,507] INFO [GroupCoordinator 0]: Preparing to rebalance group Login in state PreparingRebalance with old generation 4 (__consumer_offsets-45) (reason: Adding new member consumer-Login-2-2f54562a-26d9-4b76-a462-1f502facb122 with group instance id None) (kafka.coordinator.group.GroupCoordinator)
[2022-06-27 02:05:26,508] INFO [GroupCoordinator 0]: Stabilized group Login generation 5 (__consumer_offsets-45) (kafka.coordinator.group.GroupCoordinator)
[2022-06-27 02:05:26,511] INFO [GroupCoordinator 0]: Assignment received from leader for group Login for generation 5 (kafka.coordinator.group.GroupCoordinator)
[2022-06-27 02:05:41,443] INFO [GroupMetadataManager brokerId=0] Removed 0 expired offsets in 0 milliseconds. (kafka.coordinator.group.GroupMetadataManager)
[2022-06-27 02:08:07,637] INFO [GroupCoordinator 0]: Member[group.instance.id None, member.id consumer-Login-2-2f54562a-26d9-4b76-a462-1f502facb122] in group Login has left, removing it from the group (kafka.coordinator.group.GroupCoordinator)
[2022-06-27 02:08:07,638] INFO [GroupCoordinator 0]: Preparing to rebalance group Login in state PreparingRebalance with old generation 5 (__consumer_offsets-45) (reason: removing member consumer-Login-2-2f54562a-26d9-4b76-a462-1f502facb122 on LeaveGroup) (kafka.coordinator.group.GroupCoordinator)
[2022-06-27 02:08:07,638] INFO [GroupCoordinator 0]: Group Login with generation 6 is now empty (__consumer_offsets-45) (kafka.coordinator.group.GroupCoordinator)
[2022-06-27 02:08:16,182] INFO [GroupCoordinator 0]: Preparing to rebalance group Login in state PreparingRebalance with old generation 6 (__consumer_offsets-45) (reason: Adding new member consumer-Login-2-fefeb1b8-9385-483e-a807-05ebd6740af1 with group instance id None) (kafka.coordinator.group.GroupCoordinator)
[2022-06-27 02:08:16,183] INFO [GroupCoordinator 0]: Stabilized group Login generation 7 (__consumer_offsets-45) (kafka.coordinator.group.GroupCoordinator)
[2022-06-27 02:08:16,186] INFO [GroupCoordinator 0]: Assignment received from leader for group Login for generation 7 (kafka.coordinator.group.GroupCoordinator)
[2022-06-27 02:15:41,443] INFO [GroupMetadataManager brokerId=0] Removed 0 expired offsets in 0 milliseconds. (kafka.coordinator.group.GroupMetadataManager)
[2022-06-27 02:25:41,443] INFO [GroupMetadataManager brokerId=0] Removed 0 expired offsets in 0 milliseconds. (kafka.coordinator.group.GroupMetadataManager)
[2022-06-27 02:35:41,443] INFO [GroupMetadataManager brokerId=0] Removed 0 expired offsets in 0 milliseconds. (kafka.coordinator.group.GroupMetadataManager)
[2022-06-27 02:45:41,443] INFO [GroupMetadataManager brokerId=0] Removed 0 expired offsets in 0 milliseconds. (kafka.coordinator.group.GroupMetadataManager)
